{
  "stats": {
    "suites": 1,
    "tests": 1,
    "passes": 0,
    "pending": 0,
    "failures": 1,
    "start": "2021-12-20T06:31:21.765Z",
    "end": "2021-12-20T06:31:49.708Z",
    "duration": 27943,
    "testsRegistered": 1,
    "passPercent": 0,
    "pendingPercent": 0,
    "other": 0,
    "hasOther": false,
    "skipped": 0,
    "hasSkipped": false
  },
  "results": [
    {
      "uuid": "c065b46b-b05c-478f-a631-927ae4b31913",
      "title": "",
      "fullFile": "cypress/integration/registration.spec.js",
      "file": "cypress/integration/registration.spec.js",
      "beforeHooks": [],
      "afterHooks": [],
      "tests": [],
      "suites": [
        {
          "uuid": "0dc5dc06-34cd-4ff8-bfc1-82b3b6b4eae8",
          "title": "Registration",
          "fullFile": "",
          "file": "",
          "beforeHooks": [],
          "afterHooks": [],
          "tests": [
            {
              "title": "When the user accesses the registration page, fills in the data and finishes, then the registration must be performed successfully",
              "fullTitle": "Registration When the user accesses the registration page, fills in the data and finishes, then the registration must be performed successfully",
              "timedOut": null,
              "duration": 21426,
              "state": "failed",
              "speed": null,
              "pass": false,
              "fail": true,
              "pending": false,
              "context": null,
              "code": "var email = chance.email();\nvar firstname = chance.first();\nvar lastname = chance.last();\ncy.visit('http://automationpractice.com/index.php');\ncy.get('a.login').contains('Sign in');\ncy.get('a.login').click();\ncy.get('input#email_create').type(email);\ncy.get('button#SubmitCreate').click();\ncy.get('input#id_gender1').check();\ncy.get('input#customer_firstname').type(firstname);\ncy.get('input#customer_lastname').type(lastname);\ncy.get('input#passwd').type('12345');\ncy.get('select#days').select('26');\ncy.get('select#months').select('12');\ncy.get('select#years').select('1999');\ncy.get('input#newsletter').check();\ncy.get('input#firstname').type(firstname);\ncy.get('input#lastname').type(lastname);\ncy.get('input#company').type('ywSoftware');\ncy.get('input#address1').type(chance.address());\ncy.get('input#address2').type(chance.address());\ncy.get('input#city').type(chance.city());\ncy.get('select#id_country').select('United States');\ncy.get('select#id_state').select('Arizona');\ncy.get('input#postcode').type('88050');\ncy.get('textarea#other').type(chance.sentence());\ncy.get('input#phone').type(chance.phone());\ncy.get('input#phone_mobile').type(chance.phone());\ncy.get('input#alias').type(chance.address());\ncy.get('button#submitAccount').click();\ncy.url().should('contain', 'index.php?controller=my-account');",
              "err": {
                "message": "AssertionError: Timed out retrying after 4000ms: Expected to find element: `input#id_gender1`, but never found it.",
                "estack": "AssertionError: Timed out retrying after 4000ms: Expected to find element: `input#id_gender1`, but never found it.\n    at Context.eval (http://automationpractice.com/__cypress/tests?p=cypress/integration/registration.spec.js:2219:8)",
                "diff": null
              },
              "uuid": "febfacfc-44e3-4211-b0e3-c694a1d901f2",
              "parentUUID": "0dc5dc06-34cd-4ff8-bfc1-82b3b6b4eae8",
              "isHook": false,
              "skipped": false
            }
          ],
          "suites": [],
          "passes": [],
          "failures": [
            "febfacfc-44e3-4211-b0e3-c694a1d901f2"
          ],
          "pending": [],
          "skipped": [],
          "duration": 21426,
          "root": false,
          "rootEmpty": false,
          "_timeout": 2000
        }
      ],
      "passes": [],
      "failures": [],
      "pending": [],
      "skipped": [],
      "duration": 0,
      "root": true,
      "rootEmpty": true,
      "_timeout": 2000
    }
  ],
  "meta": {
    "mocha": {
      "version": "7.0.1"
    },
    "mochawesome": {
      "options": {
        "quiet": true,
        "reportFilename": "mochawesome",
        "saveHtml": false,
        "saveJson": true,
        "consoleReporter": "spec",
        "useInlineDiffs": false,
        "code": true
      },
      "version": "7.0.1"
    },
    "marge": {
      "options": {
        "id": "default",
        "reportDir": "mochawesome-report",
        "quiet": true,
        "overwrite": false,
        "html": false,
        "json": true
      },
      "version": "6.0.1"
    }
  }
}