{
  "stats": {
    "suites": 1,
    "tests": 1,
    "passes": 1,
    "pending": 0,
    "failures": 0,
    "start": "2021-12-08T01:41:28.934Z",
    "end": "2021-12-08T01:41:50.246Z",
    "duration": 21312,
    "testsRegistered": 1,
    "passPercent": 100,
    "pendingPercent": 0,
    "other": 0,
    "hasOther": false,
    "skipped": 0,
    "hasSkipped": false
  },
  "results": [
    {
      "uuid": "ce81a3d5-e941-432b-a383-95cc73b47bd3",
      "title": "",
      "fullFile": "cypress/integration/registration.spec.js",
      "file": "cypress/integration/registration.spec.js",
      "beforeHooks": [],
      "afterHooks": [],
      "tests": [],
      "suites": [
        {
          "uuid": "e31154dc-caaa-4c18-b6eb-f651df06656a",
          "title": "Registration",
          "fullFile": "",
          "file": "",
          "beforeHooks": [],
          "afterHooks": [],
          "tests": [
            {
              "title": "When the user accesses the registration page, fills in the data and finishes, then the registration must be performed successfully",
              "fullTitle": "Registration When the user accesses the registration page, fills in the data and finishes, then the registration must be performed successfully",
              "timedOut": null,
              "duration": 19095,
              "state": "passed",
              "speed": "slow",
              "pass": true,
              "fail": false,
              "pending": false,
              "context": null,
              "code": "var email = chance.email();\nvar firstname = chance.first();\nvar lastname = chance.last();\ncy.visit('http://automationpractice.com/index.php');\ncy.get('a.login').contains('Sign in');\ncy.get('a.login').click();\ncy.get('input#email_create').type(email);\ncy.get('button#SubmitCreate').click();\ncy.get('input#id_gender1').check();\ncy.get('input#customer_firstname').type(firstname);\ncy.get('input#customer_lastname').type(lastname);\ncy.get('input#passwd').type('12345');\ncy.get('select#days').select('26');\ncy.get('select#months').select('12');\ncy.get('select#years').select('1999');\ncy.get('input#newsletter').check();\ncy.get('input#firstname').type(firstname);\ncy.get('input#lastname').type(lastname);\ncy.get('input#company').type('ywSoftware');\ncy.get('input#address1').type(chance.address());\ncy.get('input#address2').type(chance.address());\ncy.get('input#city').type(chance.city());\ncy.get('select#id_country').select('United States');\ncy.get('select#id_state').select('Arizona');\ncy.get('input#postcode').type('88050');\ncy.get('textarea#other').type(chance.sentence());\ncy.get('input#phone').type(chance.phone());\ncy.get('input#phone_mobile').type(chance.phone());\ncy.get('input#alias').type(chance.address());\ncy.get('button#submitAccount').click();\ncy.url().should('contain', 'index.php?controller=my-account');",
              "err": {},
              "uuid": "5adc23df-ddf4-44e5-aec0-71455e4b3b1a",
              "parentUUID": "e31154dc-caaa-4c18-b6eb-f651df06656a",
              "isHook": false,
              "skipped": false
            }
          ],
          "suites": [],
          "passes": [
            "5adc23df-ddf4-44e5-aec0-71455e4b3b1a"
          ],
          "failures": [],
          "pending": [],
          "skipped": [],
          "duration": 19095,
          "root": false,
          "rootEmpty": false,
          "_timeout": 2000
        }
      ],
      "passes": [],
      "failures": [],
      "pending": [],
      "skipped": [],
      "duration": 0,
      "root": true,
      "rootEmpty": true,
      "_timeout": 2000
    }
  ],
  "meta": {
    "mocha": {
      "version": "7.0.1"
    },
    "mochawesome": {
      "options": {
        "quiet": true,
        "reportFilename": "mochawesome",
        "saveHtml": false,
        "saveJson": true,
        "consoleReporter": "spec",
        "useInlineDiffs": false,
        "code": true
      },
      "version": "7.0.1"
    },
    "marge": {
      "options": {
        "id": "default",
        "reportDir": "mochawesome-report",
        "quiet": true,
        "overwrite": false,
        "html": false,
        "json": true
      },
      "version": "6.0.1"
    }
  }
}